已經開始建置於 2014/1/2 下午 05:33:18。
     1>節點 3 (build 目標) 上的專案 "D:\visual studio 2010\Projects\gr\gr\gr.vcxproj"。
     1>InitializeBuildStatus:
         由於指定了 "AlwaysCreate"，因此正在建立 "Debug\gr.unsuccessfulbuild"。
       ClCompile:
         d:\Program Files (x86)\Microsoft Visual Studio 10.0\VC\bin\CL.exe /c /ZI /nologo /W3 /WX- /Od /Oy- /D WIN32 /D _DEBUG /D _CONSOLE /D _UNICODE /D UNICODE /Gm /EHsc /RTC1 /MDd /GS /fp:precise /Zc:wchar_t /Zc:forScope /Yc"StdAfx.h" /Fp"Debug\gr.pch" /Fo"Debug\\" /Fd"Debug\vc100.pdb" /Gd /TP /analyze- /errorReport:prompt stdafx.cpp
         stdafx.cpp
         d:\Program Files (x86)\Microsoft Visual Studio 10.0\VC\bin\CL.exe /c /ZI /nologo /W3 /WX- /Od /Oy- /D WIN32 /D _DEBUG /D _CONSOLE /D _UNICODE /D UNICODE /Gm /EHsc /RTC1 /MDd /GS /fp:precise /Zc:wchar_t /Zc:forScope /Yu"StdAfx.h" /Fp"Debug\gr.pch" /Fo"Debug\\" /Fd"Debug\vc100.pdb" /Gd /TP /analyze- /errorReport:prompt basicProcessing.cpp gr.cpp handReader.cpp
         正在略過... (未偵測到相關變更)
         handReader.cpp
         gr.cpp
         basicProcessing.cpp
       ManifestResourceCompile:
         所有輸出都是最新的。
       Link:
         d:\Program Files (x86)\Microsoft Visual Studio 10.0\VC\bin\link.exe /ERRORREPORT:PROMPT /OUT:"D:\visual studio 2010\Projects\gr\Debug\gr.exe" /INCREMENTAL /NOLOGO opencv_calib3d245d.lib opencv_contrib245d.lib opencv_core245d.lib opencv_features2d245d.lib opencv_flann245d.lib opencv_gpu245d.lib opencv_highgui245d.lib opencv_haartraining_engined.lib opencv_imgproc245d.lib opencv_legacy245d.lib opencv_ml245d.lib opencv_nonfree245d.lib opencv_objdetect245d.lib opencv_photo245d.lib opencv_stitching245d.lib opencv_ts245d.lib opencv_video245d.lib opencv_videostab245d.lib kernel32.lib user32.lib gdi32.lib winspool.lib comdlg32.lib advapi32.lib shell32.lib ole32.lib oleaut32.lib uuid.lib odbc32.lib odbccp32.lib /MANIFEST /ManifestFile:"Debug\gr.exe.intermediate.manifest" /MANIFESTUAC:"level='asInvoker' uiAccess='false'" /DEBUG /PDB:"D:\visual studio 2010\Projects\gr\Debug\gr.pdb" /SUBSYSTEM:CONSOLE /TLBID:1 /DYNAMICBASE /NXCOMPAT /IMPLIB:"D:\visual studio 2010\Projects\gr\Debug\gr.lib" /MACHINE:X86 Debug\gr.exe.embed.manifest.res
         Debug\basicProcessing.obj
         Debug\gr.obj
         Debug\handReader.obj
         Debug\stdafx.obj
       Manifest:
         C:\Program Files (x86)\Microsoft SDKs\Windows\v7.0A\bin\mt.exe /nologo /verbose /out:"Debug\gr.exe.embed.manifest" /manifest Debug\gr.exe.intermediate.manifest
         所有輸出都是最新的。
       LinkEmbedManifest:
         所有輸出都是最新的。
         gr.vcxproj -> D:\visual studio 2010\Projects\gr\Debug\gr.exe
       FinalizeBuildStatus:
         正在刪除檔案 "Debug\gr.unsuccessfulbuild"。
         正在變更時間戳記 "Debug\gr.lastbuildstate"。
     1>專案 "D:\visual studio 2010\Projects\gr\gr\gr.vcxproj" (build 目標) 建置完成。

建置成功。

經過時間 00:00:13.79
