已經開始建置於 2014/1/2 下午 05:33:18。
     1>節點 2 (build 目標) 上的專案 "D:\visual studio 2010\Projects\gr\haar\haar.vcxproj"。
     1>InitializeBuildStatus:
         由於指定了 "AlwaysCreate"，因此正在建立 "Debug\haar.unsuccessfulbuild"。
       ClCompile:
         d:\Program Files (x86)\Microsoft Visual Studio 10.0\VC\bin\CL.exe /c /ZI /nologo /W3 /WX- /Od /Oy- /D _MBCS /Gm /EHsc /RTC1 /MDd /GS /fp:precise /Zc:wchar_t /Zc:forScope /Fo"Debug\\" /Fd"Debug\vc100.pdb" /Gd /TP /analyze- /errorReport:prompt main.cpp
         正在略過... (未偵測到相關變更)
         main.cpp
       Link:
         d:\Program Files (x86)\Microsoft Visual Studio 10.0\VC\bin\link.exe /ERRORREPORT:PROMPT /OUT:"D:\visual studio 2010\Projects\gr\Debug\haar.exe" /NOLOGO opencv_calib3d245d.lib opencv_contrib245d.lib opencv_core245d.lib opencv_features2d245d.lib opencv_flann245d.lib opencv_gpu245d.lib opencv_highgui245d.lib opencv_haartraining_engined.lib opencv_imgproc245d.lib opencv_legacy245d.lib opencv_ml245d.lib opencv_nonfree245d.lib opencv_objdetect245d.lib opencv_photo245d.lib opencv_stitching245d.lib opencv_ts245d.lib opencv_video245d.lib opencv_videostab245d.lib kernel32.lib user32.lib gdi32.lib winspool.lib comdlg32.lib advapi32.lib shell32.lib ole32.lib oleaut32.lib uuid.lib odbc32.lib odbccp32.lib /MANIFEST /ManifestFile:"Debug\haar.exe.intermediate.manifest" /MANIFESTUAC:"level='asInvoker' uiAccess='false'" /DEBUG /PDB:"D:\visual studio 2010\Projects\gr\Debug\haar.pdb" /TLBID:1 /DYNAMICBASE /NXCOMPAT /IMPLIB:"D:\visual studio 2010\Projects\gr\Debug\haar.lib" /MACHINE:X86 Debug\stdafx.obj
         Debug\main.obj
         LINK : 最後的累加連結找不到或未建置 D:\visual studio 2010\Projects\gr\Debug\haar.exe，正在執行完整連結
         haar.vcxproj -> D:\visual studio 2010\Projects\gr\Debug\haar.exe
       Manifest:
         C:\Program Files (x86)\Microsoft SDKs\Windows\v7.0A\bin\mt.exe /nologo /verbose /outputresource:"D:\visual studio 2010\Projects\gr\Debug\haar.exe;#1" /manifest Debug\haar.exe.intermediate.manifest
       FinalizeBuildStatus:
         正在刪除檔案 "Debug\haar.unsuccessfulbuild"。
         正在變更時間戳記 "Debug\haar.lastbuildstate"。
     1>專案 "D:\visual studio 2010\Projects\gr\haar\haar.vcxproj" (build 目標) 建置完成。

建置成功。

經過時間 00:00:10.74
